# JRE version: OpenJDK Runtime Environment (8.0_242-b01) (build 1.8.0_242-release-1644-b01)
# Java VM: OpenJDK 64-Bit Server VM (25.242-b01 mixed mode windows-amd64 compressed oops)
Heap:
 PSYoungGen      total 318464K, used 265206K [0x00000000d5580000, 0x00000000eb200000, 0x0000000100000000)
  eden space 282112K, 81% used [0x00000000d5580000,0x00000000e3502ad0,0x00000000e6900000)
  from space 36352K, 99% used [0x00000000e6900000,0x00000000e8c7af98,0x00000000e8c80000)
  to   space 37888K, 0% used [0x00000000e8c80000,0x00000000e8c80000,0x00000000eb180000)
 ParOldGen       total 207360K, used 86270K [0x0000000080000000, 0x000000008ca80000, 0x00000000d5580000)
  object space 207360K, 41% used [0x0000000080000000,0x000000008543f908,0x000000008ca80000)
 Metaspace       used 110985K, capacity 117684K, committed 117848K, reserved 1150976K
  class space    used 14909K, capacity 16200K, committed 16256K, reserved 1048576K
GC Heap History (10 events):
Event: 9.571 GC heap before
{Heap before GC invocations=15 (full 3):
 PSYoungGen      total 225792K, used 224964K [0x00000000d5580000, 0x00000000e7280000, 0x0000000100000000)
  eden space 204800K, 100% used [0x00000000d5580000,0x00000000e1d80000,0x00000000e1d80000)
  from space 20992K, 96% used [0x00000000e1d80000,0x00000000e3131140,0x00000000e3200000)
  to   space 23552K, 0% used [0x00000000e5b80000,0x00000000e5b80000,0x00000000e7280000)
 ParOldGen       total 207360K, used 34538K [0x0000000080000000, 0x000000008ca80000, 0x00000000d5580000)
  object space 207360K, 16% used [0x0000000080000000,0x00000000821ba910,0x000000008ca80000)
 Metaspace       used 71637K, capacity 74948K, committed 75224K, reserved 1114112K
  class space    used 9770K, capacity 10423K, committed 10496K, reserved 1048576K
Event: 9.584 GC heap after
Heap after GC invocations=15 (full 3):
 PSYoungGen      total 264192K, used 23544K [0x00000000d5580000, 0x00000000e7a00000, 0x0000000100000000)
  eden space 240640K, 0% used [0x00000000d5580000,0x00000000d5580000,0x00000000e4080000)
  from space 23552K, 99% used [0x00000000e5b80000,0x00000000e727e130,0x00000000e7280000)
  to   space 27648K, 0% used [0x00000000e4080000,0x00000000e4080000,0x00000000e5b80000)
 ParOldGen       total 207360K, used 37229K [0x0000000080000000, 0x000000008ca80000, 0x00000000d5580000)
  object space 207360K, 17% used [0x0000000080000000,0x000000008245b4a0,0x000000008ca80000)
 Metaspace       used 71637K, capacity 74948K, committed 75224K, reserved 1114112K
  class space    used 9770K, capacity 10423K, committed 10496K, reserved 1048576K
}
Event: 16.705 GC heap before
{Heap before GC invocations=16 (full 3):
 PSYoungGen      total 264192K, used 264184K [0x00000000d5580000, 0x00000000e7a00000, 0x0000000100000000)
  eden space 240640K, 100% used [0x00000000d5580000,0x00000000e4080000,0x00000000e4080000)
  from space 23552K, 99% used [0x00000000e5b80000,0x00000000e727e130,0x00000000e7280000)
  to   space 27648K, 0% used [0x00000000e4080000,0x00000000e4080000,0x00000000e5b80000)
 ParOldGen       total 207360K, used 37229K [0x0000000080000000, 0x000000008ca80000, 0x00000000d5580000)
  object space 207360K, 17% used [0x0000000080000000,0x000000008245b4a0,0x000000008ca80000)
 Metaspace       used 82165K, capacity 85808K, committed 85976K, reserved 1124352K
  class space    used 10932K, capacity 11663K, committed 11776K, reserved 1048576K
Event: 16.732 GC heap after
Heap after GC invocations=16 (full 3):
 PSYoungGen      total 268288K, used 27628K [0x00000000d5580000, 0x00000000eb180000, 0x0000000100000000)
  eden space 240640K, 0% used [0x00000000d5580000,0x00000000d5580000,0x00000000e4080000)
  from space 27648K, 99% used [0x00000000e4080000,0x00000000e5b7b1a0,0x00000000e5b80000)
  to   space 37888K, 0% used [0x00000000e8c80000,0x00000000e8c80000,0x00000000eb180000)
 ParOldGen       total 207360K, used 54884K [0x0000000080000000, 0x000000008ca80000, 0x00000000d5580000)
  object space 207360K, 26% used [0x0000000080000000,0x0000000083599358,0x000000008ca80000)
 Metaspace       used 82165K, capacity 85808K, committed 85976K, reserved 1124352K
  class space    used 10932K, capacity 11663K, committed 11776K, reserved 1048576K
}
Event: 18.400 GC heap before
{Heap before GC invocations=17 (full 3):
 PSYoungGen      total 268288K, used 121958K [0x00000000d5580000, 0x00000000eb180000, 0x0000000100000000)
  eden space 240640K, 39% used [0x00000000d5580000,0x00000000db19e928,0x00000000e4080000)
  from space 27648K, 99% used [0x00000000e4080000,0x00000000e5b7b1a0,0x00000000e5b80000)
  to   space 37888K, 0% used [0x00000000e8c80000,0x00000000e8c80000,0x00000000eb180000)
 ParOldGen       total 207360K, used 54884K [0x0000000080000000, 0x000000008ca80000, 0x00000000d5580000)
  object space 207360K, 26% used [0x0000000080000000,0x0000000083599358,0x000000008ca80000)
 Metaspace       used 94213K, capacity 98290K, committed 98380K, reserved 1134592K
  class space    used 12435K, capacity 13238K, committed 13312K, reserved 1048576K
Event: 18.430 GC heap after
Heap after GC invocations=17 (full 3):
 PSYoungGen      total 320000K, used 13161K [0x00000000d5580000, 0x00000000eb200000, 0x0000000100000000)
  eden space 282112K, 0% used [0x00000000d5580000,0x00000000d5580000,0x00000000e6900000)
  from space 37888K, 34% used [0x00000000e8c80000,0x00000000e995a7e8,0x00000000eb180000)
  to   space 36352K, 0% used [0x00000000e6900000,0x00000000e6900000,0x00000000e8c80000)
 ParOldGen       total 207360K, used 81941K [0x0000000080000000, 0x000000008ca80000, 0x00000000d5580000)
  object space 207360K, 39% used [0x0000000080000000,0x0000000085005668,0x000000008ca80000)
 Metaspace       used 94213K, capacity 98290K, committed 98380K, reserved 1134592K
  class space    used 12435K, capacity 13238K, committed 13312K, reserved 1048576K
}
Event: 18.430 GC heap before
{Heap before GC invocations=18 (full 4):
 PSYoungGen      total 320000K, used 13161K [0x00000000d5580000, 0x00000000eb200000, 0x0000000100000000)
  eden space 282112K, 0% used [0x00000000d5580000,0x00000000d5580000,0x00000000e6900000)
  from space 37888K, 34% used [0x00000000e8c80000,0x00000000e995a7e8,0x00000000eb180000)
  to   space 36352K, 0% used [0x00000000e6900000,0x00000000e6900000,0x00000000e8c80000)
 ParOldGen       total 207360K, used 81941K [0x0000000080000000, 0x000000008ca80000, 0x00000000d5580000)
  object space 207360K, 39% used [0x0000000080000000,0x0000000085005668,0x000000008ca80000)
 Metaspace       used 94213K, capacity 98290K, committed 98380K, reserved 1134592K
  class space    used 12435K, capacity 13238K, committed 13312K, reserved 1048576K
Event: 18.695 GC heap after
Heap after GC invocations=18 (full 4):
 PSYoungGen      total 320000K, used 0K [0x00000000d5580000, 0x00000000eb200000, 0x0000000100000000)
  eden space 282112K, 0% used [0x00000000d5580000,0x00000000d5580000,0x00000000e6900000)
  from space 37888K, 0% used [0x00000000e8c80000,0x00000000e8c80000,0x00000000eb180000)
  to   space 36352K, 0% used [0x00000000e6900000,0x00000000e6900000,0x00000000e8c80000)
 ParOldGen       total 207360K, used 82272K [0x0000000080000000, 0x000000008ca80000, 0x00000000d5580000)
  object space 207360K, 39% used [0x0000000080000000,0x00000000850583d0,0x000000008ca80000)
 Metaspace       used 94034K, capacity 97774K, committed 98380K, reserved 1134592K
  class space    used 12377K, capacity 13136K, committed 13312K, reserved 1048576K
}
Event: 24.730 GC heap before
{Heap before GC invocations=19 (full 4):
 PSYoungGen      total 320000K, used 282112K [0x00000000d5580000, 0x00000000eb200000, 0x0000000100000000)
  eden space 282112K, 100% used [0x00000000d5580000,0x00000000e6900000,0x00000000e6900000)
  from space 37888K, 0% used [0x00000000e8c80000,0x00000000e8c80000,0x00000000eb180000)
  to   space 36352K, 0% used [0x00000000e6900000,0x00000000e6900000,0x00000000e8c80000)
 ParOldGen       total 207360K, used 82272K [0x0000000080000000, 0x000000008ca80000, 0x00000000d5580000)
  object space 207360K, 39% used [0x0000000080000000,0x00000000850583d0,0x000000008ca80000)
 Metaspace       used 98362K, capacity 103072K, committed 103256K, reserved 1138688K
  class space    used 12998K, capacity 13910K, committed 13952K, reserved 1048576K
Event: 24.757 GC heap after
Heap after GC invocations=19 (full 4):
 PSYoungGen      total 318464K, used 36331K [0x00000000d5580000, 0x00000000eb200000, 0x0000000100000000)
  eden space 282112K, 0% used [0x00000000d5580000,0x00000000d5580000,0x00000000e6900000)
  from space 36352K, 99% used [0x00000000e6900000,0x00000000e8c7af98,0x00000000e8c80000)
  to   space 37888K, 0% used [0x00000000e8c80000,0x00000000e8c80000,0x00000000eb180000)
 ParOldGen       total 207360K, used 86270K [0x0000000080000000, 0x000000008ca80000, 0x00000000d5580000)
  object space 207360K, 41% used [0x0000000080000000,0x000000008543f908,0x000000008ca80000)
 Metaspace       used 98362K, capacity 103072K, committed 103256K, reserved 1138688K
  class space    used 12998K, capacity 13910K, committed 13952K, reserved 1048576K
}

